Build started 5/2/2013 23:13:50.
     1>Project "C:\Users\Conrad Verkler\Documents\15-464\15-464-final-fluidsim\fluidSim\fluidSim\fluidSim.vcxproj" on node 2 (build target(s)).
     1>InitializeBuildStatus:
         Creating "Debug\fluidSim.unsuccessfulbuild" because "AlwaysCreate" was specified.
       ClCompile:
         C:\Program Files (x86)\Microsoft Visual Studio 10.0\VC\bin\CL.exe /c /I"C:\Users\Conrad Verkler\Documents\15-464\15-464-final-fluidsim\fluidSim\fluidSim\..\..\include" /ZI /nologo /W3 /WX- /Od /Oy- /D SFML_STATIC /D WIN32 /D _DEBUG /D _CONSOLE /D _UNICODE /D UNICODE /Gm /EHsc /RTC1 /MDd /GS /fp:precise /Zc:wchar_t /Zc:forScope /Fo"Debug\\" /Fd"Debug\vc100.pdb" /Gd /TP /analyze- /errorReport:prompt FluidSim3D.cpp
         FluidSim3D.cpp
     1>c:\users\conrad verkler\documents\15-464\15-464-final-fluidsim\fluidsim\fluidsim\fluidsim3d.cpp(198): warning C4244: 'argument' : conversion from 'int' to 'GLfloat', possible loss of data
     1>c:\users\conrad verkler\documents\15-464\15-464-final-fluidsim\fluidsim\fluidsim\fluidsim3d.cpp(199): warning C4244: 'argument' : conversion from 'int' to 'GLfloat', possible loss of data
     1>c:\users\conrad verkler\documents\15-464\15-464-final-fluidsim\fluidsim\fluidsim\fluidsim3d.cpp(200): warning C4244: 'argument' : conversion from 'int' to 'GLfloat', possible loss of data
     1>c:\users\conrad verkler\documents\15-464\15-464-final-fluidsim\fluidsim\fluidsim\fluidsim3d.cpp(209): warning C4305: 'argument' : truncation from 'double' to 'GLfloat'
     1>c:\users\conrad verkler\documents\15-464\15-464-final-fluidsim\fluidsim\fluidsim\fluidsim3d.cpp(209): warning C4305: 'argument' : truncation from 'double' to 'GLfloat'
     1>c:\users\conrad verkler\documents\15-464\15-464-final-fluidsim\fluidsim\fluidsim\fluidsim3d.cpp(211): warning C4305: 'argument' : truncation from 'double' to 'GLfloat'
     1>c:\users\conrad verkler\documents\15-464\15-464-final-fluidsim\fluidsim\fluidsim\fluidsim3d.cpp(211): warning C4305: 'argument' : truncation from 'double' to 'GLfloat'
     1>c:\users\conrad verkler\documents\15-464\15-464-final-fluidsim\fluidsim\fluidsim\fluidsim3d.cpp(213): warning C4305: 'argument' : truncation from 'double' to 'GLfloat'
     1>c:\users\conrad verkler\documents\15-464\15-464-final-fluidsim\fluidsim\fluidsim\fluidsim3d.cpp(213): warning C4305: 'argument' : truncation from 'double' to 'GLfloat'
     1>c:\users\conrad verkler\documents\15-464\15-464-final-fluidsim\fluidsim\fluidsim\fluidsim3d.cpp(215): warning C4305: 'argument' : truncation from 'double' to 'GLfloat'
     1>c:\users\conrad verkler\documents\15-464\15-464-final-fluidsim\fluidsim\fluidsim\fluidsim3d.cpp(215): warning C4305: 'argument' : truncation from 'double' to 'GLfloat'
     1>c:\users\conrad verkler\documents\15-464\15-464-final-fluidsim\fluidsim\fluidsim\fluidsim3d.cpp(229): warning C4244: 'argument' : conversion from 'int' to 'GLfloat', possible loss of data
     1>c:\users\conrad verkler\documents\15-464\15-464-final-fluidsim\fluidsim\fluidsim\fluidsim3d.cpp(230): warning C4244: 'argument' : conversion from 'int' to 'GLfloat', possible loss of data
     1>c:\users\conrad verkler\documents\15-464\15-464-final-fluidsim\fluidsim\fluidsim\fluidsim3d.cpp(231): warning C4244: 'argument' : conversion from 'int' to 'GLfloat', possible loss of data
     1>c:\users\conrad verkler\documents\15-464\15-464-final-fluidsim\fluidsim\fluidsim\fluidsim3d.cpp(451): warning C4244: '=' : conversion from 'double' to 'float', possible loss of data
     1>c:\users\conrad verkler\documents\15-464\15-464-final-fluidsim\fluidsim\fluidsim\fluidsim3d.cpp(458): warning C4244: '=' : conversion from 'double' to 'float', possible loss of data
     1>c:\users\conrad verkler\documents\15-464\15-464-final-fluidsim\fluidsim\fluidsim\fluidsim3d.cpp(465): warning C4244: '=' : conversion from 'double' to 'float', possible loss of data
     1>c:\users\conrad verkler\documents\15-464\15-464-final-fluidsim\fluidsim\fluidsim\fluidsim3d.cpp(507): warning C4244: '=' : conversion from 'double' to 'float', possible loss of data
     1>c:\users\conrad verkler\documents\15-464\15-464-final-fluidsim\fluidsim\fluidsim\fluidsim3d.cpp(537): warning C4244: '-=' : conversion from 'double' to 'float', possible loss of data
     1>c:\users\conrad verkler\documents\15-464\15-464-final-fluidsim\fluidsim\fluidsim\fluidsim3d.cpp(538): warning C4244: '-=' : conversion from 'double' to 'float', possible loss of data
     1>c:\users\conrad verkler\documents\15-464\15-464-final-fluidsim\fluidsim\fluidsim\fluidsim3d.cpp(539): warning C4244: '-=' : conversion from 'double' to 'float', possible loss of data
     1>c:\users\conrad verkler\documents\15-464\15-464-final-fluidsim\fluidsim\fluidsim\fluidsim3d.cpp(601): warning C4244: '=' : conversion from 'double' to 'float', possible loss of data
     1>c:\users\conrad verkler\documents\15-464\15-464-final-fluidsim\fluidsim\fluidsim\fluidsim3d.cpp(602): warning C4244: '=' : conversion from 'double' to 'float', possible loss of data
     1>c:\users\conrad verkler\documents\15-464\15-464-final-fluidsim\fluidsim\fluidsim\fluidsim3d.cpp(603): warning C4244: '=' : conversion from 'double' to 'float', possible loss of data
     1>c:\users\conrad verkler\documents\15-464\15-464-final-fluidsim\fluidsim\fluidsim\fluidsim3d.cpp(604): warning C4244: '=' : conversion from 'double' to 'float', possible loss of data
     1>c:\users\conrad verkler\documents\15-464\15-464-final-fluidsim\fluidsim\fluidsim\fluidsim3d.cpp(607): warning C4244: '=' : conversion from 'double' to 'float', possible loss of data
     1>c:\users\conrad verkler\documents\15-464\15-464-final-fluidsim\fluidsim\fluidsim\fluidsim3d.cpp(608): warning C4244: '=' : conversion from 'double' to 'float', possible loss of data
     1>c:\users\conrad verkler\documents\15-464\15-464-final-fluidsim\fluidsim\fluidsim\fluidsim3d.cpp(609): warning C4244: '=' : conversion from 'double' to 'float', possible loss of data
     1>c:\users\conrad verkler\documents\15-464\15-464-final-fluidsim\fluidsim\fluidsim\fluidsim3d.cpp(610): warning C4244: '=' : conversion from 'double' to 'float', possible loss of data
     1>c:\users\conrad verkler\documents\15-464\15-464-final-fluidsim\fluidsim\fluidsim\fluidsim3d.cpp(613): warning C4244: '=' : conversion from 'double' to 'float', possible loss of data
     1>c:\users\conrad verkler\documents\15-464\15-464-final-fluidsim\fluidsim\fluidsim\fluidsim3d.cpp(614): warning C4244: '=' : conversion from 'double' to 'float', possible loss of data
     1>c:\users\conrad verkler\documents\15-464\15-464-final-fluidsim\fluidsim\fluidsim\fluidsim3d.cpp(615): warning C4244: '=' : conversion from 'double' to 'float', possible loss of data
     1>c:\users\conrad verkler\documents\15-464\15-464-final-fluidsim\fluidsim\fluidsim\fluidsim3d.cpp(616): warning C4244: '=' : conversion from 'double' to 'float', possible loss of data
     1>c:\users\conrad verkler\documents\15-464\15-464-final-fluidsim\fluidsim\fluidsim\fluidsim3d.cpp(642): warning C4244: 'return' : conversion from 'double' to 'float', possible loss of data
     1>c:\users\conrad verkler\documents\15-464\15-464-final-fluidsim\fluidsim\fluidsim\fluidsim3d.cpp(648): warning C4244: 'return' : conversion from 'double' to 'float', possible loss of data
     1>c:\users\conrad verkler\documents\15-464\15-464-final-fluidsim\fluidsim\fluidsim\fluidsim3d.cpp(654): warning C4244: 'return' : conversion from 'double' to 'float', possible loss of data
       ManifestResourceCompile:
         All outputs are up-to-date.
       Link:
         C:\Program Files (x86)\Microsoft Visual Studio 10.0\VC\bin\link.exe /ERRORREPORT:PROMPT /OUT:"C:\Users\Conrad Verkler\Documents\15-464\15-464-final-fluidsim\fluidSim\Debug\fluidSim.exe" /INCREMENTAL /NOLOGO /LIBPATH:"C:\Users\Conrad Verkler\Documents\15-464\15-464-final-fluidsim\fluidSim\fluidSim\..\..\lib" "sfml-graphics-s-d.lib" "sfml-window-s-d.lib" "sfml-system-s-d.lib" kernel32.lib user32.lib gdi32.lib winspool.lib comdlg32.lib advapi32.lib shell32.lib ole32.lib oleaut32.lib uuid.lib odbc32.lib odbccp32.lib glu32.lib kernel32.lib user32.lib gdi32.lib winspool.lib comdlg32.lib advapi32.lib shell32.lib ole32.lib oleaut32.lib uuid.lib odbc32.lib odbccp32.lib /MANIFEST /ManifestFile:"Debug\fluidSim.exe.intermediate.manifest" /MANIFESTUAC:"level='asInvoker' uiAccess='false'" /DEBUG /PDB:"C:\Users\Conrad Verkler\Documents\15-464\15-464-final-fluidsim\fluidSim\Debug\fluidSim.pdb" /SUBSYSTEM:CONSOLE /TLBID:1 /DYNAMICBASE /NXCOMPAT /IMPLIB:"C:\Users\Conrad Verkler\Documents\15-464\15-464-final-fluidsim\fluidSim\Debug\fluidSim.lib" /MACHINE:X86 /PROFILE Debug\fluidSim.exe.embed.manifest.res
         Debug\FluidSim2D.obj
         Debug\FluidSim3D.obj
         Debug\main.obj
     1>LINK : warning LNK4075: ignoring '/INCREMENTAL' due to '/PROFILE' specification
     1>FluidSim2D.obj : warning LNK4075: ignoring '/EDITANDCONTINUE' due to '/OPT:REF' specification
     1>sfml-window-s-d.lib(GlContext.cpp.obj) : warning LNK4099: PDB 'sfml-window-s-d.pdb' was not found with 'sfml-window-s-d.lib(GlContext.cpp.obj)' or at 'C:\Users\Conrad Verkler\Documents\15-464\15-464-final-fluidsim\fluidSim\Debug\sfml-window-s-d.pdb'; linking object as if no debug info
     1>sfml-window-s-d.lib(GlResource.cpp.obj) : warning LNK4099: PDB 'sfml-window-s-d.pdb' was not found with 'sfml-window-s-d.lib(GlResource.cpp.obj)' or at 'C:\Users\Conrad Verkler\Documents\15-464\15-464-final-fluidsim\fluidSim\Debug\sfml-window-s-d.pdb'; linking object as if no debug info
     1>sfml-window-s-d.lib(JoystickManager.cpp.obj) : warning LNK4099: PDB 'sfml-window-s-d.pdb' was not found with 'sfml-window-s-d.lib(JoystickManager.cpp.obj)' or at 'C:\Users\Conrad Verkler\Documents\15-464\15-464-final-fluidsim\fluidSim\Debug\sfml-window-s-d.pdb'; linking object as if no debug info
     1>sfml-window-s-d.lib(Keyboard.cpp.obj) : warning LNK4099: PDB 'sfml-window-s-d.pdb' was not found with 'sfml-window-s-d.lib(Keyboard.cpp.obj)' or at 'C:\Users\Conrad Verkler\Documents\15-464\15-464-final-fluidsim\fluidSim\Debug\sfml-window-s-d.pdb'; linking object as if no debug info
     1>sfml-window-s-d.lib(Mouse.cpp.obj) : warning LNK4099: PDB 'sfml-window-s-d.pdb' was not found with 'sfml-window-s-d.lib(Mouse.cpp.obj)' or at 'C:\Users\Conrad Verkler\Documents\15-464\15-464-final-fluidsim\fluidSim\Debug\sfml-window-s-d.pdb'; linking object as if no debug info
     1>sfml-window-s-d.lib(VideoMode.cpp.obj) : warning LNK4099: PDB 'sfml-window-s-d.pdb' was not found with 'sfml-window-s-d.lib(VideoMode.cpp.obj)' or at 'C:\Users\Conrad Verkler\Documents\15-464\15-464-final-fluidsim\fluidSim\Debug\sfml-window-s-d.pdb'; linking object as if no debug info
     1>sfml-window-s-d.lib(Window.cpp.obj) : warning LNK4099: PDB 'sfml-window-s-d.pdb' was not found with 'sfml-window-s-d.lib(Window.cpp.obj)' or at 'C:\Users\Conrad Verkler\Documents\15-464\15-464-final-fluidsim\fluidSim\Debug\sfml-window-s-d.pdb'; linking object as if no debug info
     1>sfml-window-s-d.lib(WindowImpl.cpp.obj) : warning LNK4099: PDB 'sfml-window-s-d.pdb' was not found with 'sfml-window-s-d.lib(WindowImpl.cpp.obj)' or at 'C:\Users\Conrad Verkler\Documents\15-464\15-464-final-fluidsim\fluidSim\Debug\sfml-window-s-d.pdb'; linking object as if no debug info
     1>sfml-window-s-d.lib(WglContext.cpp.obj) : warning LNK4099: PDB 'sfml-window-s-d.pdb' was not found with 'sfml-window-s-d.lib(WglContext.cpp.obj)' or at 'C:\Users\Conrad Verkler\Documents\15-464\15-464-final-fluidsim\fluidSim\Debug\sfml-window-s-d.pdb'; linking object as if no debug info
     1>sfml-window-s-d.lib(InputImpl.cpp.obj) : warning LNK4099: PDB 'sfml-window-s-d.pdb' was not found with 'sfml-window-s-d.lib(InputImpl.cpp.obj)' or at 'C:\Users\Conrad Verkler\Documents\15-464\15-464-final-fluidsim\fluidSim\Debug\sfml-window-s-d.pdb'; linking object as if no debug info
     1>sfml-window-s-d.lib(JoystickImpl.cpp.obj) : warning LNK4099: PDB 'sfml-window-s-d.pdb' was not found with 'sfml-window-s-d.lib(JoystickImpl.cpp.obj)' or at 'C:\Users\Conrad Verkler\Documents\15-464\15-464-final-fluidsim\fluidSim\Debug\sfml-window-s-d.pdb'; linking object as if no debug info
     1>sfml-window-s-d.lib(VideoModeImpl.cpp.obj) : warning LNK4099: PDB 'sfml-window-s-d.pdb' was not found with 'sfml-window-s-d.lib(VideoModeImpl.cpp.obj)' or at 'C:\Users\Conrad Verkler\Documents\15-464\15-464-final-fluidsim\fluidSim\Debug\sfml-window-s-d.pdb'; linking object as if no debug info
     1>sfml-window-s-d.lib(WindowImplWin32.cpp.obj) : warning LNK4099: PDB 'sfml-window-s-d.pdb' was not found with 'sfml-window-s-d.lib(WindowImplWin32.cpp.obj)' or at 'C:\Users\Conrad Verkler\Documents\15-464\15-464-final-fluidsim\fluidSim\Debug\sfml-window-s-d.pdb'; linking object as if no debug info
     1>sfml-system-s-d.lib(Clock.cpp.obj) : warning LNK4099: PDB 'sfml-system-s-d.pdb' was not found with 'sfml-system-s-d.lib(Clock.cpp.obj)' or at 'C:\Users\Conrad Verkler\Documents\15-464\15-464-final-fluidsim\fluidSim\Debug\sfml-system-s-d.pdb'; linking object as if no debug info
     1>sfml-system-s-d.lib(Err.cpp.obj) : warning LNK4099: PDB 'sfml-system-s-d.pdb' was not found with 'sfml-system-s-d.lib(Err.cpp.obj)' or at 'C:\Users\Conrad Verkler\Documents\15-464\15-464-final-fluidsim\fluidSim\Debug\sfml-system-s-d.pdb'; linking object as if no debug info
     1>sfml-system-s-d.lib(Lock.cpp.obj) : warning LNK4099: PDB 'sfml-system-s-d.pdb' was not found with 'sfml-system-s-d.lib(Lock.cpp.obj)' or at 'C:\Users\Conrad Verkler\Documents\15-464\15-464-final-fluidsim\fluidSim\Debug\sfml-system-s-d.pdb'; linking object as if no debug info
     1>sfml-system-s-d.lib(Mutex.cpp.obj) : warning LNK4099: PDB 'sfml-system-s-d.pdb' was not found with 'sfml-system-s-d.lib(Mutex.cpp.obj)' or at 'C:\Users\Conrad Verkler\Documents\15-464\15-464-final-fluidsim\fluidSim\Debug\sfml-system-s-d.pdb'; linking object as if no debug info
     1>sfml-system-s-d.lib(Sleep.cpp.obj) : warning LNK4099: PDB 'sfml-system-s-d.pdb' was not found with 'sfml-system-s-d.lib(Sleep.cpp.obj)' or at 'C:\Users\Conrad Verkler\Documents\15-464\15-464-final-fluidsim\fluidSim\Debug\sfml-system-s-d.pdb'; linking object as if no debug info
     1>sfml-system-s-d.lib(ThreadLocal.cpp.obj) : warning LNK4099: PDB 'sfml-system-s-d.pdb' was not found with 'sfml-system-s-d.lib(ThreadLocal.cpp.obj)' or at 'C:\Users\Conrad Verkler\Documents\15-464\15-464-final-fluidsim\fluidSim\Debug\sfml-system-s-d.pdb'; linking object as if no debug info
     1>sfml-system-s-d.lib(Time.cpp.obj) : warning LNK4099: PDB 'sfml-system-s-d.pdb' was not found with 'sfml-system-s-d.lib(Time.cpp.obj)' or at 'C:\Users\Conrad Verkler\Documents\15-464\15-464-final-fluidsim\fluidSim\Debug\sfml-system-s-d.pdb'; linking object as if no debug info
     1>sfml-system-s-d.lib(ClockImpl.cpp.obj) : warning LNK4099: PDB 'sfml-system-s-d.pdb' was not found with 'sfml-system-s-d.lib(ClockImpl.cpp.obj)' or at 'C:\Users\Conrad Verkler\Documents\15-464\15-464-final-fluidsim\fluidSim\Debug\sfml-system-s-d.pdb'; linking object as if no debug info
     1>sfml-system-s-d.lib(MutexImpl.cpp.obj) : warning LNK4099: PDB 'sfml-system-s-d.pdb' was not found with 'sfml-system-s-d.lib(MutexImpl.cpp.obj)' or at 'C:\Users\Conrad Verkler\Documents\15-464\15-464-final-fluidsim\fluidSim\Debug\sfml-system-s-d.pdb'; linking object as if no debug info
     1>sfml-system-s-d.lib(SleepImpl.cpp.obj) : warning LNK4099: PDB 'sfml-system-s-d.pdb' was not found with 'sfml-system-s-d.lib(SleepImpl.cpp.obj)' or at 'C:\Users\Conrad Verkler\Documents\15-464\15-464-final-fluidsim\fluidSim\Debug\sfml-system-s-d.pdb'; linking object as if no debug info
     1>sfml-system-s-d.lib(ThreadLocalImpl.cpp.obj) : warning LNK4099: PDB 'sfml-system-s-d.pdb' was not found with 'sfml-system-s-d.lib(ThreadLocalImpl.cpp.obj)' or at 'C:\Users\Conrad Verkler\Documents\15-464\15-464-final-fluidsim\fluidSim\Debug\sfml-system-s-d.pdb'; linking object as if no debug info
       Manifest:
         C:\Program Files (x86)\Microsoft SDKs\Windows\v7.0A\bin\mt.exe /nologo /verbose /out:"Debug\fluidSim.exe.embed.manifest" /manifest Debug\fluidSim.exe.intermediate.manifest
         All outputs are up-to-date.
       LinkEmbedManifest:
         All outputs are up-to-date.
         fluidSim.vcxproj -> C:\Users\Conrad Verkler\Documents\15-464\15-464-final-fluidsim\fluidSim\Debug\fluidSim.exe
       FinalizeBuildStatus:
         Deleting file "Debug\fluidSim.unsuccessfulbuild".
         Touching "Debug\fluidSim.lastbuildstate".
     1>Done Building Project "C:\Users\Conrad Verkler\Documents\15-464\15-464-final-fluidsim\fluidSim\fluidSim\fluidSim.vcxproj" (build target(s)).

Build succeeded.

Time Elapsed 00:00:29.41
